prince
nigerian
invoice
moneys
money
deez
nuts
send pictures
collect your moneys
ax you a question
i am a russian
oligarch
novy rusia
account suspended
verify
confirm
unusual activity
security alert
change password
urgent action
important update
compromised
limited time
free gift
prize
exclusive deal
discount
click here
lottery
payment declined
order cancelled
refund pending
invoice
tax return
new voicemail
new fax
quota full
account deletion
subscription
trial period
delivery delayed
package waiting
payment overdue
credit card charged
payment processed
bank account hacked
virus
software update
antivirus subscription
operating system upgrade
selected for job
easy money
work from home
investment
increase wealth
lower debt
credit score
quick loan
refinance mortgage
improve health
lose weight
look younger
get fit
Your account has been suspended
Verify your account
Confirm your identity
Unusual activity detected
Account security alert
Change your password
Urgent action required
Important security update
Your account has been compromised
Limited time offer
Free gift or prize
Exclusive deal or discount
Don't miss out
Click here to claim your reward
You have won a lottery
Your payment has been declined
Your order has been cancelled
You have a refund pending
Your invoice is attached
Your tax return is attached
You have a new voicemail
You have a new fax
Your email quota is full
Your email account will be deleted
Your subscription is about to expire
Your trial period is ending
Your delivery is delayed
Your package is waiting for delivery
Your payment is overdue
Your credit card has been charged
Your payment has been processed
Your bank account has been hacked
Your computer is infected with a virus
You need to update your software
You need to renew your antivirus subscription
You need to upgrade your operating system
You have been selected for a job
You can make easy money
Work from home and earn money
You can make money with this investment
You can increase your wealth
You can lower your debt
You can improve your credit score
You can get a loan quickly
You can refinance your mortgage
You can improve your health
You can lose weight easily
You can look younger
You can get fit with this exercise